Determining if the pthread_create exist failed with the following output:
Change Dir: /opt/CProject/hwk1.c/cmake-build-debug/CMakeFiles/CMakeTmp

Run Build Command:"/usr/bin/make" "cmTC_c2a4e/fast"
make[1]: Entering directory '/opt/CProject/hwk1.c/cmake-build-debug/CMakeFiles/CMakeTmp'
/usr/bin/make -f CMakeFiles/cmTC_c2a4e.dir/build.make CMakeFiles/cmTC_c2a4e.dir/build
make[2]: Entering directory '/opt/CProject/hwk1.c/cmake-build-debug/CMakeFiles/CMakeTmp'
Building C object CMakeFiles/cmTC_c2a4e.dir/CheckSymbolExists.c.o
/usr/bin/cc   -std=gnu99 -o CMakeFiles/cmTC_c2a4e.dir/CheckSymbolExists.c.o   -c /opt/CProject/hwk1.c/cmake-build-debug/CMakeFiles/CMakeTmp/CheckSymbolExists.c
Linking C executable cmTC_c2a4e
/opt/CLion/clion-2017.2.3/bin/cmake/bin/cmake -E cmake_link_script CMakeFiles/cmTC_c2a4e.dir/link.txt --verbose=1
/usr/bin/cc      CMakeFiles/cmTC_c2a4e.dir/CheckSymbolExists.c.o  -o cmTC_c2a4e 
CMakeFiles/cmTC_c2a4e.dir/CheckSymbolExists.c.o：在函数‘main’中：
CheckSymbolExists.c:(.text+0x1b)：对‘pthread_create’未定义的引用
collect2: error: ld returned 1 exit status
CMakeFiles/cmTC_c2a4e.dir/build.make:97: recipe for target 'cmTC_c2a4e' failed
make[2]: *** [cmTC_c2a4e] Error 1
make[2]: Leaving directory '/opt/CProject/hwk1.c/cmake-build-debug/CMakeFiles/CMakeTmp'
Makefile:126: recipe for target 'cmTC_c2a4e/fast' failed
make[1]: *** [cmTC_c2a4e/fast] Error 2
make[1]: Leaving directory '/opt/CProject/hwk1.c/cmake-build-debug/CMakeFiles/CMakeTmp'

File /opt/CProject/hwk1.c/cmake-build-debug/CMakeFiles/CMakeTmp/CheckSymbolExists.c:
/* */
#include <pthread.h>

int main(int argc, char** argv)
{
  (void)argv;
#ifndef pthread_create
  return ((int*)(&pthread_create))[argc];
#else
  (void)argc;
  return 0;
#endif
}

Determining if the function pthread_create exists in the pthreads failed with the following output:
Change Dir: /opt/CProject/hwk1.c/cmake-build-debug/CMakeFiles/CMakeTmp

Run Build Command:"/usr/bin/make" "cmTC_ad515/fast"
make[1]: Entering directory '/opt/CProject/hwk1.c/cmake-build-debug/CMakeFiles/CMakeTmp'
/usr/bin/make -f CMakeFiles/cmTC_ad515.dir/build.make CMakeFiles/cmTC_ad515.dir/build
make[2]: Entering directory '/opt/CProject/hwk1.c/cmake-build-debug/CMakeFiles/CMakeTmp'
Building C object CMakeFiles/cmTC_ad515.dir/CheckFunctionExists.c.o
/usr/bin/cc   -DCHECK_FUNCTION_EXISTS=pthread_create   -std=gnu99 -o CMakeFiles/cmTC_ad515.dir/CheckFunctionExists.c.o   -c /opt/CLion/clion-2017.2.3/bin/cmake/share/cmake-3.8/Modules/CheckFunctionExists.c
Linking C executable cmTC_ad515
/opt/CLion/clion-2017.2.3/bin/cmake/bin/cmake -E cmake_link_script CMakeFiles/cmTC_ad515.dir/link.txt --verbose=1
/usr/bin/cc  -DCHECK_FUNCTION_EXISTS=pthread_create    CMakeFiles/cmTC_ad515.dir/CheckFunctionExists.c.o  -o cmTC_ad515 -lpthreads 
/usr/bin/ld: 找不到 -lpthreads
collect2: error: ld returned 1 exit status
CMakeFiles/cmTC_ad515.dir/build.make:97: recipe for target 'cmTC_ad515' failed
make[2]: *** [cmTC_ad515] Error 1
make[2]: Leaving directory '/opt/CProject/hwk1.c/cmake-build-debug/CMakeFiles/CMakeTmp'
Makefile:126: recipe for target 'cmTC_ad515/fast' failed
make[1]: *** [cmTC_ad515/fast] Error 2
make[1]: Leaving directory '/opt/CProject/hwk1.c/cmake-build-debug/CMakeFiles/CMakeTmp'


